In file included from ../lib/kerberos.cc:1:
In file included from ../lib/kerberos.h:9:
In file included from ../node_modules/nan/nan.h:74:
In file included from ../node_modules/nan/nan_new.h:190:
../node_modules/nan/nan_implementation_12_inl.h:181:66: error: too many arguments to function call, expected at most 2, have 4
  return v8::Signature::New(v8::Isolate::GetCurrent(), receiver, argc, argv);
         ~~~~~~~~~~~~~~~~~~                                      ^~~~~~~~~~
/Users/yunusyen/.node-gyp/5.4.1/include/node/v8.h:4674:3: note: 'New' declared here
  static Local<Signature> New(
  ^
In file included from ../lib/kerberos.cc:1:
In file included from ../lib/kerberos.h:9:
../node_modules/nan/nan.h:165:25: error: redefinition of '_NanEnsureLocal'
NAN_INLINE v8::Local<T> _NanEnsureLocal(v8::Local<T> val) {
                        ^
../node_modules/nan/nan.h:160:25: note: previous definition is here
NAN_INLINE v8::Local<T> _NanEnsureLocal(v8::Handle<T> val) {
                        ^
../node_modules/nan/nan.h:310:12: error: no matching function for call to '_NanEnsureLocal'
    return NanEscapeScope(NanNew(v8::Undefined(v8::Isolate::GetCurrent())));
           ^~~~~~~~~~~~~~~~~~~~~~~~~~~~~~~~~~~~~~~~~~~~~~~~~~~~~~~~~~~~~~~~
../node_modules/nan/nan.h:296:43: note: expanded from macro 'NanEscapeScope'
# define NanEscapeScope(val) scope.Escape(_NanEnsureLocal(val))
                                          ^~~~~~~~~~~~~~~
../node_modules/nan/nan.h:165:25: note: candidate template ignored: substitution failure [with T = v8::Primitive]
NAN_INLINE v8::Local<T> _NanEnsureLocal(v8::Local<T> val) {
                        ^
../node_modules/nan/nan.h:315:12: error: no matching function for call to '_NanEnsureLocal'
    return NanEscapeScope(NanNew(v8::Null(v8::Isolate::GetCurrent())));
           ^~~~~~~~~~~~~~~~~~~~~~~~~~~~~~~~~~~~~~~~~~~~~~~~~~~~~~~~~~~
../node_modules/nan/nan.h:296:43: note: expanded from macro 'NanEscapeScope'
# define NanEscapeScope(val) scope.Escape(_NanEnsureLocal(val))
                                          ^~~~~~~~~~~~~~~
../node_modules/nan/nan.h:165:25: note: candidate template ignored: substitution failure [with T = v8::Primitive]
NAN_INLINE v8::Local<T> _NanEnsureLocal(v8::Local<T> val) {
                        ^
../node_modules/nan/nan.h:320:12: error: no matching function for call to '_NanEnsureLocal'
    return NanEscapeScope(NanNew(v8::True(v8::Isolate::GetCurrent())));
           ^~~~~~~~~~~~~~~~~~~~~~~~~~~~~~~~~~~~~~~~~~~~~~~~~~~~~~~~~~~
../node_modules/nan/nan.h:296:43: note: expanded from macro 'NanEscapeScope'
# define NanEscapeScope(val) scope.Escape(_NanEnsureLocal(val))
                                          ^~~~~~~~~~~~~~~
../node_modules/nan/nan.h:165:25: note: candidate template ignored: substitution failure [with T = v8::Boolean]
NAN_INLINE v8::Local<T> _NanEnsureLocal(v8::Local<T> val) {
                        ^
../node_modules/nan/nan.h:325:12: error: no matching function for call to '_NanEnsureLocal'
    return NanEscapeScope(NanNew(v8::False(v8::Isolate::GetCurrent())));
           ^~~~~~~~~~~~~~~~~~~~~~~~~~~~~~~~~~~~~~~~~~~~~~~~~~~~~~~~~~~~
../node_modules/nan/nan.h:296:43: note: expanded from macro 'NanEscapeScope'
# define NanEscapeScope(val) scope.Escape(_NanEnsureLocal(val))
                                          ^~~~~~~~~~~~~~~
../node_modules/nan/nan.h:165:25: note: candidate template ignored: substitution failure [with T = v8::Boolean]
NAN_INLINE v8::Local<T> _NanEnsureLocal(v8::Local<T> val) {
                        ^
../node_modules/nan/nan.h:557:13: error: no member named 'smalloc' in namespace 'node'
    , node::smalloc::FreeCallback callback
      ~~~~~~^
../node_modules/nan/nan.h:568:12: error: no matching function for call to 'New'
    return node::Buffer::New(v8::Isolate::GetCurrent(), data, size);
           ^~~~~~~~~~~~~~~~~
/Users/yunusyen/.node-gyp/5.4.1/include/node/node_buffer.h:31:40: note: candidate function not viable: no known conversion from 'uint32_t' (aka 'unsigned int') to 'enum encoding' for 3rd argument
NODE_EXTERN v8::MaybeLocal<v8::Object> New(v8::Isolate* isolate,
                                       ^
/Users/yunusyen/.node-gyp/5.4.1/include/node/node_buffer.h:43:40: note: candidate function not viable: 2nd argument ('const char *') would lose const qualifier
NODE_EXTERN v8::MaybeLocal<v8::Object> New(v8::Isolate* isolate,
                                       ^
/Users/yunusyen/.node-gyp/5.4.1/include/node/node_buffer.h:28:40: note: candidate function not viable: requires 2 arguments, but 3 were provided
NODE_EXTERN v8::MaybeLocal<v8::Object> New(v8::Isolate* isolate, size_t length);
                                       ^
/Users/yunusyen/.node-gyp/5.4.1/include/node/node_buffer.h:36:40: note: candidate function not viable: requires 5 arguments, but 3 were provided
NODE_EXTERN v8::MaybeLocal<v8::Object> New(v8::Isolate* isolate,
                                       ^
In file included from ../lib/kerberos.cc:1:
In file included from ../lib/kerberos.h:9:
../node_modules/nan/nan.h:572:12: error: no viable conversion from returned value of type 'v8::MaybeLocal<v8::Object>' to function return type 'v8::Local<v8::Object>'
    return node::Buffer::New(v8::Isolate::GetCurrent(), size);
           ^~~~~~~~~~~~~~~~~~~~~~~~~~~~~~~~~~~~~~~~~~~~~~~~~~
/Users/yunusyen/.node-gyp/5.4.1/include/node/v8.h:210:7: note: candidate constructor (the implicit copy constructor) not viable: no known conversion from 'v8::MaybeLocal<v8::Object>' to 'const v8::Local<v8::Object> &' for 1st argument
class Local {
      ^
/Users/yunusyen/.node-gyp/5.4.1/include/node/v8.h:210:7: note: candidate constructor (the implicit move constructor) not viable: no known conversion from 'v8::MaybeLocal<v8::Object>' to 'v8::Local<v8::Object> &&' for 1st argument
/Users/yunusyen/.node-gyp/5.4.1/include/node/v8.h:214:13: note: candidate template ignored: could not match 'Local' against 'MaybeLocal'
  V8_INLINE Local(Local<S> that)
            ^
/Users/yunusyen/.node-gyp/5.4.1/include/node/v8.h:326:13: note: candidate template ignored: could not match 'S *' against 'v8::MaybeLocal<v8::Object>'
  V8_INLINE Local(S* that)
            ^
In file included from ../lib/kerberos.cc:1:
In file included from ../lib/kerberos.h:9:
../node_modules/nan/nan.h:579:26: error: no member named 'Use' in namespace 'node::Buffer'
    return node::Buffer::Use(v8::Isolate::GetCurrent(), data, size);
           ~~~~~~~~~~~~~~^
../node_modules/nan/nan.h:1396:12: error: no matching function for call to '_NanEnsureLocal'
    return NanEscapeScope(NanNew(handle)->Get(kCallbackIndex)
           ^~~~~~~~~~~~~~~~~~~~~~~~~~~~~~~~~~~~~~~~~~~~~~~~~~
../node_modules/nan/nan.h:296:43: note: expanded from macro 'NanEscapeScope'
# define NanEscapeScope(val) scope.Escape(_NanEnsureLocal(val))
                                          ^~~~~~~~~~~~~~~
../node_modules/nan/nan.h:165:25: note: candidate template ignored: substitution failure [with T = v8::Function]
NAN_INLINE v8::Local<T> _NanEnsureLocal(v8::Local<T> val) {
                        ^
../node_modules/nan/nan.h:1411:12: error: no matching function for call to '_NanEnsureLocal'
    return NanEscapeScope(node::MakeCallback(
           ^~~~~~~~~~~~~~~~~~~~~~~~~~~~~~~~~~
../node_modules/nan/nan.h:296:43: note: expanded from macro 'NanEscapeScope'
# define NanEscapeScope(val) scope.Escape(_NanEnsureLocal(val))
                                          ^~~~~~~~~~~~~~~
../node_modules/nan/nan.h:165:25: note: candidate template ignored: substitution failure [with T = v8::Value]
NAN_INLINE v8::Local<T> _NanEnsureLocal(v8::Local<T> val) {
                        ^
../node_modules/nan/nan.h:1484:12: error: no matching function for call to '_NanEnsureLocal'
    return NanEscapeScope(handle->Get(NanNew(key)).As<v8::Object>());
           ^~~~~~~~~~~~~~~~~~~~~~~~~~~~~~~~~~~~~~~~~~~~~~~~~~~~~~~~~
../node_modules/nan/nan.h:296:43: note: expanded from macro 'NanEscapeScope'
# define NanEscapeScope(val) scope.Escape(_NanEnsureLocal(val))
                                          ^~~~~~~~~~~~~~~
../node_modules/nan/nan.h:165:25: note: candidate template ignored: substitution failure [with T = v8::Object]
NAN_INLINE v8::Local<T> _NanEnsureLocal(v8::Local<T> val) {
                        ^
../lib/kerberos.cc:557:13: warning: 'FatalException' is deprecated: Use FatalException(isolate, ...) [-Wdeprecated-declarations]
      node::FatalException(try_catch);
            ^
/Users/yunusyen/.node-gyp/5.4.1/include/node/node.h:283:29: note: 'FatalException' has been explicitly marked deprecated here
                inline void FatalException(const v8::TryCatch& try_catch) {
                            ^
../lib/kerberos.cc:576:13: warning: 'FatalException' is deprecated: Use FatalException(isolate, ...) [-Wdeprecated-declarations]
      node::FatalException(try_catch);
            ^
/Users/yunusyen/.node-gyp/5.4.1/include/node/node.h:283:29: note: 'FatalException' has been explicitly marked deprecated here
                inline void FatalException(const v8::TryCatch& try_catch) {
                            ^
2 warnings and 13 errors generated.
make: *** [Release/obj.target/kerberos/lib/kerberos.o] Error 1
gyp ERR! build error 
gyp ERR! stack Error: `make` failed with exit code: 2
gyp ERR! stack     at ChildProcess.onExit (/usr/local/lib/node_modules/npm/node_modules/node-gyp/lib/build.js:270:23)
gyp ERR! stack     at emitTwo (events.js:87:13)
gyp ERR! stack     at ChildProcess.emit (events.js:172:7)
gyp ERR! stack     at Process.ChildProcess._handle.onexit (internal/child_process.js:200:12)
gyp ERR! System Darwin 15.5.0
gyp ERR! command "/usr/local/bin/node" "/usr/local/lib/node_modules/npm/node_modules/node-gyp/bin/node-gyp.js" "rebuild"
gyp ERR! cwd /Applications/AMPPS/www/googlebooks/node_modules/mongojs/node_modules/kerberos
gyp ERR! node -v v5.4.1
gyp ERR! node-gyp -v v3.0.3
gyp ERR! not ok 
